[2024-04-16 11:54:18] local.ERROR: SQLSTATE[HY000] [2002] No se puede establecer una conexión ya que el equipo de destino denegó expresamente dicha conexión (SQL: select * from information_schema.tables where table_schema = dss and table_name = migrations and table_type = 'BASE TABLE') {"exception":"[object] (Illuminate\\Database\\QueryException(code: 2002): SQLSTATE[HY000] [2002] No se puede establecer una conexión ya que el equipo de destino denegó expresamente dicha conexión (SQL: select * from information_schema.tables where table_schema = dss and table_name = migrations and table_type = 'BASE TABLE') at C:\\Users\\nur29\\OneDrive\\Escritorio\\Laravel\\G4-05-Cowy_Carnivory\\DSS-Second-Delivery\\Work-Project\\vendor\\laravel\\framework\\src\\Illuminate\\Database\\Connection.php:760)
[stacktrace]
#0 C:\\Users\\nur29\\OneDrive\\Escritorio\\Laravel\\G4-05-Cowy_Carnivory\\DSS-Second-Delivery\\Work-Project\\vendor\\laravel\\framework\\src\\Illuminate\\Database\\Connection.php(720): Illuminate\\Database\\Connection->runQueryCallback()
#1 C:\\Users\\nur29\\OneDrive\\Escritorio\\Laravel\\G4-05-Cowy_Carnivory\\DSS-Second-Delivery\\Work-Project\\vendor\\laravel\\framework\\src\\Illuminate\\Database\\Connection.php(405): Illuminate\\Database\\Connection->run()
#2 C:\\Users\\nur29\\OneDrive\\Escritorio\\Laravel\\G4-05-Cowy_Carnivory\\DSS-Second-Delivery\\Work-Project\\vendor\\laravel\\framework\\src\\Illuminate\\Database\\Connection.php(392): Illuminate\\Database\\Connection->select()
#3 C:\\Users\\nur29\\OneDrive\\Escritorio\\Laravel\\G4-05-Cowy_Carnivory\\DSS-Second-Delivery\\Work-Project\\vendor\\laravel\\framework\\src\\Illuminate\\Database\\Schema\\MySqlBuilder.php(43): Illuminate\\Database\\Connection->selectFromWriteConnection()
#4 C:\\Users\\nur29\\OneDrive\\Escritorio\\Laravel\\G4-05-Cowy_Carnivory\\DSS-Second-Delivery\\Work-Project\\vendor\\laravel\\framework\\src\\Illuminate\\Database\\Migrations\\DatabaseMigrationRepository.php(169): Illuminate\\Database\\Schema\\MySqlBuilder->hasTable()
#5 C:\\Users\\nur29\\OneDrive\\Escritorio\\Laravel\\G4-05-Cowy_Carnivory\\DSS-Second-Delivery\\Work-Project\\vendor\\laravel\\framework\\src\\Illuminate\\Database\\Migrations\\Migrator.php(695): Illuminate\\Database\\Migrations\\DatabaseMigrationRepository->repositoryExists()
#6 C:\\Users\\nur29\\OneDrive\\Escritorio\\Laravel\\G4-05-Cowy_Carnivory\\DSS-Second-Delivery\\Work-Project\\vendor\\laravel\\framework\\src\\Illuminate\\Database\\Console\\Migrations\\MigrateCommand.php(138): Illuminate\\Database\\Migrations\\Migrator->repositoryExists()
#7 C:\\Users\\nur29\\OneDrive\\Escritorio\\Laravel\\G4-05-Cowy_Carnivory\\DSS-Second-Delivery\\Work-Project\\vendor\\laravel\\framework\\src\\Illuminate\\Support\\helpers.php(247): Illuminate\\Database\\Console\\Migrations\\MigrateCommand->Illuminate\\Database\\Console\\Migrations\\{closure}()
#8 C:\\Users\\nur29\\OneDrive\\Escritorio\\Laravel\\G4-05-Cowy_Carnivory\\DSS-Second-Delivery\\Work-Project\\vendor\\laravel\\framework\\src\\Illuminate\\Database\\Console\\Migrations\\MigrateCommand.php(138): retry()
#9 C:\\Users\\nur29\\OneDrive\\Escritorio\\Laravel\\G4-05-Cowy_Carnivory\\DSS-Second-Delivery\\Work-Project\\vendor\\laravel\\framework\\src\\Illuminate\\Database\\Console\\Migrations\\MigrateCommand.php(114): Illuminate\\Database\\Console\\Migrations\\MigrateCommand->repositoryExists()
#10 C:\\Users\\nur29\\OneDrive\\Escritorio\\Laravel\\G4-05-Cowy_Carnivory\\DSS-Second-Delivery\\Work-Project\\vendor\\laravel\\framework\\src\\Illuminate\\Database\\Console\\Migrations\\MigrateCommand.php(82): Illuminate\\Database\\Console\\Migrations\\MigrateCommand->prepareDatabase()
#11 C:\\Users\\nur29\\OneDrive\\Escritorio\\Laravel\\G4-05-Cowy_Carnivory\\DSS-Second-Delivery\\Work-Project\\vendor\\laravel\\framework\\src\\Illuminate\\Database\\Migrations\\Migrator.php(628): Illuminate\\Database\\Console\\Migrations\\MigrateCommand->Illuminate\\Database\\Console\\Migrations\\{closure}()
#12 C:\\Users\\nur29\\OneDrive\\Escritorio\\Laravel\\G4-05-Cowy_Carnivory\\DSS-Second-Delivery\\Work-Project\\vendor\\laravel\\framework\\src\\Illuminate\\Database\\Console\\Migrations\\MigrateCommand.php(81): Illuminate\\Database\\Migrations\\Migrator->usingConnection()
#13 C:\\Users\\nur29\\OneDrive\\Escritorio\\Laravel\\G4-05-Cowy_Carnivory\\DSS-Second-Delivery\\Work-Project\\vendor\\laravel\\framework\\src\\Illuminate\\Container\\BoundMethod.php(36): Illuminate\\Database\\Console\\Migrations\\MigrateCommand->handle()
#14 C:\\Users\\nur29\\OneDrive\\Escritorio\\Laravel\\G4-05-Cowy_Carnivory\\DSS-Second-Delivery\\Work-Project\\vendor\\laravel\\framework\\src\\Illuminate\\Container\\Util.php(41): Illuminate\\Container\\BoundMethod::Illuminate\\Container\\{closure}()
#15 C:\\Users\\nur29\\OneDrive\\Escritorio\\Laravel\\G4-05-Cowy_Carnivory\\DSS-Second-Delivery\\Work-Project\\vendor\\laravel\\framework\\src\\Illuminate\\Container\\BoundMethod.php(93): Illuminate\\Container\\Util::unwrapIfClosure()
#16 C:\\Users\\nur29\\OneDrive\\Escritorio\\Laravel\\G4-05-Cowy_Carnivory\\DSS-Second-Delivery\\Work-Project\\vendor\\laravel\\framework\\src\\Illuminate\\Container\\BoundMethod.php(35): Illuminate\\Container\\BoundMethod::callBoundMethod()
#17 C:\\Users\\nur29\\OneDrive\\Escritorio\\Laravel\\G4-05-Cowy_Carnivory\\DSS-Second-Delivery\\Work-Project\\vendor\\laravel\\framework\\src\\Illuminate\\Container\\Container.php(661): Illuminate\\Container\\BoundMethod::call()
#18 C:\\Users\\nur29\\OneDrive\\Escritorio\\Laravel\\G4-05-Cowy_Carnivory\\DSS-Second-Delivery\\Work-Project\\vendor\\laravel\\framework\\src\\Illuminate\\Console\\Command.php(183): Illuminate\\Container\\Container->call()
#19 C:\\Users\\nur29\\OneDrive\\Escritorio\\Laravel\\G4-05-Cowy_Carnivory\\DSS-Second-Delivery\\Work-Project\\vendor\\symfony\\console\\Command\\Command.php(326): Illuminate\\Console\\Command->execute()
#20 C:\\Users\\nur29\\OneDrive\\Escritorio\\Laravel\\G4-05-Cowy_Carnivory\\DSS-Second-Delivery\\Work-Project\\vendor\\laravel\\framework\\src\\Illuminate\\Console\\Command.php(152): Symfony\\Component\\Console\\Command\\Command->run()
#21 C:\\Users\\nur29\\OneDrive\\Escritorio\\Laravel\\G4-05-Cowy_Carnivory\\DSS-Second-Delivery\\Work-Project\\vendor\\symfony\\console\\Application.php(1078): Illuminate\\Console\\Command->run()
#22 C:\\Users\\nur29\\OneDrive\\Escritorio\\Laravel\\G4-05-Cowy_Carnivory\\DSS-Second-Delivery\\Work-Project\\vendor\\symfony\\console\\Application.php(324): Symfony\\Component\\Console\\Application->doRunCommand()
#23 C:\\Users\\nur29\\OneDrive\\Escritorio\\Laravel\\G4-05-Cowy_Carnivory\\DSS-Second-Delivery\\Work-Project\\vendor\\symfony\\console\\Application.php(175): Symfony\\Component\\Console\\Application->doRun()
#24 C:\\Users\\nur29\\OneDrive\\Escritorio\\Laravel\\G4-05-Cowy_Carnivory\\DSS-Second-Delivery\\Work-Project\\vendor\\laravel\\framework\\src\\Illuminate\\Console\\Application.php(102): Symfony\\Component\\Console\\Application->run()
#25 C:\\Users\\nur29\\OneDrive\\Escritorio\\Laravel\\G4-05-Cowy_Carnivory\\DSS-Second-Delivery\\Work-Project\\vendor\\laravel\\framework\\src\\Illuminate\\Foundation\\Console\\Kernel.php(155): Illuminate\\Console\\Application->run()
#26 C:\\Users\\nur29\\OneDrive\\Escritorio\\Laravel\\G4-05-Cowy_Carnivory\\DSS-Second-Delivery\\Work-Project\\artisan(35): Illuminate\\Foundation\\Console\\Kernel->handle()
#27 {main}

[previous exception] [object] (PDOException(code: 2002): SQLSTATE[HY000] [2002] No se puede establecer una conexión ya que el equipo de destino denegó expresamente dicha conexión at C:\\Users\\nur29\\OneDrive\\Escritorio\\Laravel\\G4-05-Cowy_Carnivory\\DSS-Second-Delivery\\Work-Project\\vendor\\laravel\\framework\\src\\Illuminate\\Database\\Connectors\\Connector.php:70)
[stacktrace]
#0 C:\\Users\\nur29\\OneDrive\\Escritorio\\Laravel\\G4-05-Cowy_Carnivory\\DSS-Second-Delivery\\Work-Project\\vendor\\laravel\\framework\\src\\Illuminate\\Database\\Connectors\\Connector.php(70): PDO->__construct()
#1 C:\\Users\\nur29\\OneDrive\\Escritorio\\Laravel\\G4-05-Cowy_Carnivory\\DSS-Second-Delivery\\Work-Project\\vendor\\laravel\\framework\\src\\Illuminate\\Database\\Connectors\\Connector.php(45): Illuminate\\Database\\Connectors\\Connector->createPdoConnection()
#2 C:\\Users\\nur29\\OneDrive\\Escritorio\\Laravel\\G4-05-Cowy_Carnivory\\DSS-Second-Delivery\\Work-Project\\vendor\\laravel\\framework\\src\\Illuminate\\Database\\Connectors\\MySqlConnector.php(24): Illuminate\\Database\\Connectors\\Connector->createConnection()
#3 C:\\Users\\nur29\\OneDrive\\Escritorio\\Laravel\\G4-05-Cowy_Carnivory\\DSS-Second-Delivery\\Work-Project\\vendor\\laravel\\framework\\src\\Illuminate\\Database\\Connectors\\ConnectionFactory.php(184): Illuminate\\Database\\Connectors\\MySqlConnector->connect()
#4 [internal function]: Illuminate\\Database\\Connectors\\ConnectionFactory->Illuminate\\Database\\Connectors\\{closure}()
#5 C:\\Users\\nur29\\OneDrive\\Escritorio\\Laravel\\G4-05-Cowy_Carnivory\\DSS-Second-Delivery\\Work-Project\\vendor\\laravel\\framework\\src\\Illuminate\\Database\\Connection.php(1181): call_user_func()
#6 C:\\Users\\nur29\\OneDrive\\Escritorio\\Laravel\\G4-05-Cowy_Carnivory\\DSS-Second-Delivery\\Work-Project\\vendor\\laravel\\framework\\src\\Illuminate\\Database\\Connection.php(486): Illuminate\\Database\\Connection->getPdo()
#7 C:\\Users\\nur29\\OneDrive\\Escritorio\\Laravel\\G4-05-Cowy_Carnivory\\DSS-Second-Delivery\\Work-Project\\vendor\\laravel\\framework\\src\\Illuminate\\Database\\Connection.php(414): Illuminate\\Database\\Connection->getPdoForSelect()
#8 C:\\Users\\nur29\\OneDrive\\Escritorio\\Laravel\\G4-05-Cowy_Carnivory\\DSS-Second-Delivery\\Work-Project\\vendor\\laravel\\framework\\src\\Illuminate\\Database\\Connection.php(753): Illuminate\\Database\\Connection->Illuminate\\Database\\{closure}()
#9 C:\\Users\\nur29\\OneDrive\\Escritorio\\Laravel\\G4-05-Cowy_Carnivory\\DSS-Second-Delivery\\Work-Project\\vendor\\laravel\\framework\\src\\Illuminate\\Database\\Connection.php(720): Illuminate\\Database\\Connection->runQueryCallback()
#10 C:\\Users\\nur29\\OneDrive\\Escritorio\\Laravel\\G4-05-Cowy_Carnivory\\DSS-Second-Delivery\\Work-Project\\vendor\\laravel\\framework\\src\\Illuminate\\Database\\Connection.php(405): Illuminate\\Database\\Connection->run()
#11 C:\\Users\\nur29\\OneDrive\\Escritorio\\Laravel\\G4-05-Cowy_Carnivory\\DSS-Second-Delivery\\Work-Project\\vendor\\laravel\\framework\\src\\Illuminate\\Database\\Connection.php(392): Illuminate\\Database\\Connection->select()
#12 C:\\Users\\nur29\\OneDrive\\Escritorio\\Laravel\\G4-05-Cowy_Carnivory\\DSS-Second-Delivery\\Work-Project\\vendor\\laravel\\framework\\src\\Illuminate\\Database\\Schema\\MySqlBuilder.php(43): Illuminate\\Database\\Connection->selectFromWriteConnection()
#13 C:\\Users\\nur29\\OneDrive\\Escritorio\\Laravel\\G4-05-Cowy_Carnivory\\DSS-Second-Delivery\\Work-Project\\vendor\\laravel\\framework\\src\\Illuminate\\Database\\Migrations\\DatabaseMigrationRepository.php(169): Illuminate\\Database\\Schema\\MySqlBuilder->hasTable()
#14 C:\\Users\\nur29\\OneDrive\\Escritorio\\Laravel\\G4-05-Cowy_Carnivory\\DSS-Second-Delivery\\Work-Project\\vendor\\laravel\\framework\\src\\Illuminate\\Database\\Migrations\\Migrator.php(695): Illuminate\\Database\\Migrations\\DatabaseMigrationRepository->repositoryExists()
#15 C:\\Users\\nur29\\OneDrive\\Escritorio\\Laravel\\G4-05-Cowy_Carnivory\\DSS-Second-Delivery\\Work-Project\\vendor\\laravel\\framework\\src\\Illuminate\\Database\\Console\\Migrations\\MigrateCommand.php(138): Illuminate\\Database\\Migrations\\Migrator->repositoryExists()
#16 C:\\Users\\nur29\\OneDrive\\Escritorio\\Laravel\\G4-05-Cowy_Carnivory\\DSS-Second-Delivery\\Work-Project\\vendor\\laravel\\framework\\src\\Illuminate\\Support\\helpers.php(247): Illuminate\\Database\\Console\\Migrations\\MigrateCommand->Illuminate\\Database\\Console\\Migrations\\{closure}()
#17 C:\\Users\\nur29\\OneDrive\\Escritorio\\Laravel\\G4-05-Cowy_Carnivory\\DSS-Second-Delivery\\Work-Project\\vendor\\laravel\\framework\\src\\Illuminate\\Database\\Console\\Migrations\\MigrateCommand.php(138): retry()
#18 C:\\Users\\nur29\\OneDrive\\Escritorio\\Laravel\\G4-05-Cowy_Carnivory\\DSS-Second-Delivery\\Work-Project\\vendor\\laravel\\framework\\src\\Illuminate\\Database\\Console\\Migrations\\MigrateCommand.php(114): Illuminate\\Database\\Console\\Migrations\\MigrateCommand->repositoryExists()
#19 C:\\Users\\nur29\\OneDrive\\Escritorio\\Laravel\\G4-05-Cowy_Carnivory\\DSS-Second-Delivery\\Work-Project\\vendor\\laravel\\framework\\src\\Illuminate\\Database\\Console\\Migrations\\MigrateCommand.php(82): Illuminate\\Database\\Console\\Migrations\\MigrateCommand->prepareDatabase()
#20 C:\\Users\\nur29\\OneDrive\\Escritorio\\Laravel\\G4-05-Cowy_Carnivory\\DSS-Second-Delivery\\Work-Project\\vendor\\laravel\\framework\\src\\Illuminate\\Database\\Migrations\\Migrator.php(628): Illuminate\\Database\\Console\\Migrations\\MigrateCommand->Illuminate\\Database\\Console\\Migrations\\{closure}()
#21 C:\\Users\\nur29\\OneDrive\\Escritorio\\Laravel\\G4-05-Cowy_Carnivory\\DSS-Second-Delivery\\Work-Project\\vendor\\laravel\\framework\\src\\Illuminate\\Database\\Console\\Migrations\\MigrateCommand.php(81): Illuminate\\Database\\Migrations\\Migrator->usingConnection()
#22 C:\\Users\\nur29\\OneDrive\\Escritorio\\Laravel\\G4-05-Cowy_Carnivory\\DSS-Second-Delivery\\Work-Project\\vendor\\laravel\\framework\\src\\Illuminate\\Container\\BoundMethod.php(36): Illuminate\\Database\\Console\\Migrations\\MigrateCommand->handle()
#23 C:\\Users\\nur29\\OneDrive\\Escritorio\\Laravel\\G4-05-Cowy_Carnivory\\DSS-Second-Delivery\\Work-Project\\vendor\\laravel\\framework\\src\\Illuminate\\Container\\Util.php(41): Illuminate\\Container\\BoundMethod::Illuminate\\Container\\{closure}()
#24 C:\\Users\\nur29\\OneDrive\\Escritorio\\Laravel\\G4-05-Cowy_Carnivory\\DSS-Second-Delivery\\Work-Project\\vendor\\laravel\\framework\\src\\Illuminate\\Container\\BoundMethod.php(93): Illuminate\\Container\\Util::unwrapIfClosure()
#25 C:\\Users\\nur29\\OneDrive\\Escritorio\\Laravel\\G4-05-Cowy_Carnivory\\DSS-Second-Delivery\\Work-Project\\vendor\\laravel\\framework\\src\\Illuminate\\Container\\BoundMethod.php(35): Illuminate\\Container\\BoundMethod::callBoundMethod()
#26 C:\\Users\\nur29\\OneDrive\\Escritorio\\Laravel\\G4-05-Cowy_Carnivory\\DSS-Second-Delivery\\Work-Project\\vendor\\laravel\\framework\\src\\Illuminate\\Container\\Container.php(661): Illuminate\\Container\\BoundMethod::call()
#27 C:\\Users\\nur29\\OneDrive\\Escritorio\\Laravel\\G4-05-Cowy_Carnivory\\DSS-Second-Delivery\\Work-Project\\vendor\\laravel\\framework\\src\\Illuminate\\Console\\Command.php(183): Illuminate\\Container\\Container->call()
#28 C:\\Users\\nur29\\OneDrive\\Escritorio\\Laravel\\G4-05-Cowy_Carnivory\\DSS-Second-Delivery\\Work-Project\\vendor\\symfony\\console\\Command\\Command.php(326): Illuminate\\Console\\Command->execute()
#29 C:\\Users\\nur29\\OneDrive\\Escritorio\\Laravel\\G4-05-Cowy_Carnivory\\DSS-Second-Delivery\\Work-Project\\vendor\\laravel\\framework\\src\\Illuminate\\Console\\Command.php(152): Symfony\\Component\\Console\\Command\\Command->run()
#30 C:\\Users\\nur29\\OneDrive\\Escritorio\\Laravel\\G4-05-Cowy_Carnivory\\DSS-Second-Delivery\\Work-Project\\vendor\\symfony\\console\\Application.php(1078): Illuminate\\Console\\Command->run()
#31 C:\\Users\\nur29\\OneDrive\\Escritorio\\Laravel\\G4-05-Cowy_Carnivory\\DSS-Second-Delivery\\Work-Project\\vendor\\symfony\\console\\Application.php(324): Symfony\\Component\\Console\\Application->doRunCommand()
#32 C:\\Users\\nur29\\OneDrive\\Escritorio\\Laravel\\G4-05-Cowy_Carnivory\\DSS-Second-Delivery\\Work-Project\\vendor\\symfony\\console\\Application.php(175): Symfony\\Component\\Console\\Application->doRun()
#33 C:\\Users\\nur29\\OneDrive\\Escritorio\\Laravel\\G4-05-Cowy_Carnivory\\DSS-Second-Delivery\\Work-Project\\vendor\\laravel\\framework\\src\\Illuminate\\Console\\Application.php(102): Symfony\\Component\\Console\\Application->run()
#34 C:\\Users\\nur29\\OneDrive\\Escritorio\\Laravel\\G4-05-Cowy_Carnivory\\DSS-Second-Delivery\\Work-Project\\vendor\\laravel\\framework\\src\\Illuminate\\Foundation\\Console\\Kernel.php(155): Illuminate\\Console\\Application->run()
#35 C:\\Users\\nur29\\OneDrive\\Escritorio\\Laravel\\G4-05-Cowy_Carnivory\\DSS-Second-Delivery\\Work-Project\\artisan(35): Illuminate\\Foundation\\Console\\Kernel->handle()
#36 {main}
"} 
[2024-04-16 11:58:29] local.ERROR: SQLSTATE[HY000] [1045] Access denied for user 'dss'@'localhost' (using password: YES) (SQL: select * from information_schema.tables where table_schema = dss and table_name = migrations and table_type = 'BASE TABLE') {"exception":"[object] (Illuminate\\Database\\QueryException(code: 1045): SQLSTATE[HY000] [1045] Access denied for user 'dss'@'localhost' (using password: YES) (SQL: select * from information_schema.tables where table_schema = dss and table_name = migrations and table_type = 'BASE TABLE') at C:\\Users\\nur29\\OneDrive\\Escritorio\\Laravel\\G4-05-Cowy_Carnivory\\DSS-Second-Delivery\\Work-Project\\vendor\\laravel\\framework\\src\\Illuminate\\Database\\Connection.php:760)
[stacktrace]
#0 C:\\Users\\nur29\\OneDrive\\Escritorio\\Laravel\\G4-05-Cowy_Carnivory\\DSS-Second-Delivery\\Work-Project\\vendor\\laravel\\framework\\src\\Illuminate\\Database\\Connection.php(720): Illuminate\\Database\\Connection->runQueryCallback()
#1 C:\\Users\\nur29\\OneDrive\\Escritorio\\Laravel\\G4-05-Cowy_Carnivory\\DSS-Second-Delivery\\Work-Project\\vendor\\laravel\\framework\\src\\Illuminate\\Database\\Connection.php(405): Illuminate\\Database\\Connection->run()
#2 C:\\Users\\nur29\\OneDrive\\Escritorio\\Laravel\\G4-05-Cowy_Carnivory\\DSS-Second-Delivery\\Work-Project\\vendor\\laravel\\framework\\src\\Illuminate\\Database\\Connection.php(392): Illuminate\\Database\\Connection->select()
#3 C:\\Users\\nur29\\OneDrive\\Escritorio\\Laravel\\G4-05-Cowy_Carnivory\\DSS-Second-Delivery\\Work-Project\\vendor\\laravel\\framework\\src\\Illuminate\\Database\\Schema\\MySqlBuilder.php(43): Illuminate\\Database\\Connection->selectFromWriteConnection()
#4 C:\\Users\\nur29\\OneDrive\\Escritorio\\Laravel\\G4-05-Cowy_Carnivory\\DSS-Second-Delivery\\Work-Project\\vendor\\laravel\\framework\\src\\Illuminate\\Database\\Migrations\\DatabaseMigrationRepository.php(169): Illuminate\\Database\\Schema\\MySqlBuilder->hasTable()
#5 C:\\Users\\nur29\\OneDrive\\Escritorio\\Laravel\\G4-05-Cowy_Carnivory\\DSS-Second-Delivery\\Work-Project\\vendor\\laravel\\framework\\src\\Illuminate\\Database\\Migrations\\Migrator.php(695): Illuminate\\Database\\Migrations\\DatabaseMigrationRepository->repositoryExists()
#6 C:\\Users\\nur29\\OneDrive\\Escritorio\\Laravel\\G4-05-Cowy_Carnivory\\DSS-Second-Delivery\\Work-Project\\vendor\\laravel\\framework\\src\\Illuminate\\Database\\Console\\Migrations\\MigrateCommand.php(138): Illuminate\\Database\\Migrations\\Migrator->repositoryExists()
#7 C:\\Users\\nur29\\OneDrive\\Escritorio\\Laravel\\G4-05-Cowy_Carnivory\\DSS-Second-Delivery\\Work-Project\\vendor\\laravel\\framework\\src\\Illuminate\\Support\\helpers.php(247): Illuminate\\Database\\Console\\Migrations\\MigrateCommand->Illuminate\\Database\\Console\\Migrations\\{closure}()
#8 C:\\Users\\nur29\\OneDrive\\Escritorio\\Laravel\\G4-05-Cowy_Carnivory\\DSS-Second-Delivery\\Work-Project\\vendor\\laravel\\framework\\src\\Illuminate\\Database\\Console\\Migrations\\MigrateCommand.php(138): retry()
#9 C:\\Users\\nur29\\OneDrive\\Escritorio\\Laravel\\G4-05-Cowy_Carnivory\\DSS-Second-Delivery\\Work-Project\\vendor\\laravel\\framework\\src\\Illuminate\\Database\\Console\\Migrations\\MigrateCommand.php(114): Illuminate\\Database\\Console\\Migrations\\MigrateCommand->repositoryExists()
#10 C:\\Users\\nur29\\OneDrive\\Escritorio\\Laravel\\G4-05-Cowy_Carnivory\\DSS-Second-Delivery\\Work-Project\\vendor\\laravel\\framework\\src\\Illuminate\\Database\\Console\\Migrations\\MigrateCommand.php(82): Illuminate\\Database\\Console\\Migrations\\MigrateCommand->prepareDatabase()
#11 C:\\Users\\nur29\\OneDrive\\Escritorio\\Laravel\\G4-05-Cowy_Carnivory\\DSS-Second-Delivery\\Work-Project\\vendor\\laravel\\framework\\src\\Illuminate\\Database\\Migrations\\Migrator.php(628): Illuminate\\Database\\Console\\Migrations\\MigrateCommand->Illuminate\\Database\\Console\\Migrations\\{closure}()
#12 C:\\Users\\nur29\\OneDrive\\Escritorio\\Laravel\\G4-05-Cowy_Carnivory\\DSS-Second-Delivery\\Work-Project\\vendor\\laravel\\framework\\src\\Illuminate\\Database\\Console\\Migrations\\MigrateCommand.php(81): Illuminate\\Database\\Migrations\\Migrator->usingConnection()
#13 C:\\Users\\nur29\\OneDrive\\Escritorio\\Laravel\\G4-05-Cowy_Carnivory\\DSS-Second-Delivery\\Work-Project\\vendor\\laravel\\framework\\src\\Illuminate\\Container\\BoundMethod.php(36): Illuminate\\Database\\Console\\Migrations\\MigrateCommand->handle()
#14 C:\\Users\\nur29\\OneDrive\\Escritorio\\Laravel\\G4-05-Cowy_Carnivory\\DSS-Second-Delivery\\Work-Project\\vendor\\laravel\\framework\\src\\Illuminate\\Container\\Util.php(41): Illuminate\\Container\\BoundMethod::Illuminate\\Container\\{closure}()
#15 C:\\Users\\nur29\\OneDrive\\Escritorio\\Laravel\\G4-05-Cowy_Carnivory\\DSS-Second-Delivery\\Work-Project\\vendor\\laravel\\framework\\src\\Illuminate\\Container\\BoundMethod.php(93): Illuminate\\Container\\Util::unwrapIfClosure()
#16 C:\\Users\\nur29\\OneDrive\\Escritorio\\Laravel\\G4-05-Cowy_Carnivory\\DSS-Second-Delivery\\Work-Project\\vendor\\laravel\\framework\\src\\Illuminate\\Container\\BoundMethod.php(35): Illuminate\\Container\\BoundMethod::callBoundMethod()
#17 C:\\Users\\nur29\\OneDrive\\Escritorio\\Laravel\\G4-05-Cowy_Carnivory\\DSS-Second-Delivery\\Work-Project\\vendor\\laravel\\framework\\src\\Illuminate\\Container\\Container.php(661): Illuminate\\Container\\BoundMethod::call()
#18 C:\\Users\\nur29\\OneDrive\\Escritorio\\Laravel\\G4-05-Cowy_Carnivory\\DSS-Second-Delivery\\Work-Project\\vendor\\laravel\\framework\\src\\Illuminate\\Console\\Command.php(183): Illuminate\\Container\\Container->call()
#19 C:\\Users\\nur29\\OneDrive\\Escritorio\\Laravel\\G4-05-Cowy_Carnivory\\DSS-Second-Delivery\\Work-Project\\vendor\\symfony\\console\\Command\\Command.php(326): Illuminate\\Console\\Command->execute()
#20 C:\\Users\\nur29\\OneDrive\\Escritorio\\Laravel\\G4-05-Cowy_Carnivory\\DSS-Second-Delivery\\Work-Project\\vendor\\laravel\\framework\\src\\Illuminate\\Console\\Command.php(152): Symfony\\Component\\Console\\Command\\Command->run()
#21 C:\\Users\\nur29\\OneDrive\\Escritorio\\Laravel\\G4-05-Cowy_Carnivory\\DSS-Second-Delivery\\Work-Project\\vendor\\symfony\\console\\Application.php(1078): Illuminate\\Console\\Command->run()
#22 C:\\Users\\nur29\\OneDrive\\Escritorio\\Laravel\\G4-05-Cowy_Carnivory\\DSS-Second-Delivery\\Work-Project\\vendor\\symfony\\console\\Application.php(324): Symfony\\Component\\Console\\Application->doRunCommand()
#23 C:\\Users\\nur29\\OneDrive\\Escritorio\\Laravel\\G4-05-Cowy_Carnivory\\DSS-Second-Delivery\\Work-Project\\vendor\\symfony\\console\\Application.php(175): Symfony\\Component\\Console\\Application->doRun()
#24 C:\\Users\\nur29\\OneDrive\\Escritorio\\Laravel\\G4-05-Cowy_Carnivory\\DSS-Second-Delivery\\Work-Project\\vendor\\laravel\\framework\\src\\Illuminate\\Console\\Application.php(102): Symfony\\Component\\Console\\Application->run()
#25 C:\\Users\\nur29\\OneDrive\\Escritorio\\Laravel\\G4-05-Cowy_Carnivory\\DSS-Second-Delivery\\Work-Project\\vendor\\laravel\\framework\\src\\Illuminate\\Foundation\\Console\\Kernel.php(155): Illuminate\\Console\\Application->run()
#26 C:\\Users\\nur29\\OneDrive\\Escritorio\\Laravel\\G4-05-Cowy_Carnivory\\DSS-Second-Delivery\\Work-Project\\artisan(35): Illuminate\\Foundation\\Console\\Kernel->handle()
#27 {main}

[previous exception] [object] (PDOException(code: 1045): SQLSTATE[HY000] [1045] Access denied for user 'dss'@'localhost' (using password: YES) at C:\\Users\\nur29\\OneDrive\\Escritorio\\Laravel\\G4-05-Cowy_Carnivory\\DSS-Second-Delivery\\Work-Project\\vendor\\laravel\\framework\\src\\Illuminate\\Database\\Connectors\\Connector.php:70)
[stacktrace]
#0 C:\\Users\\nur29\\OneDrive\\Escritorio\\Laravel\\G4-05-Cowy_Carnivory\\DSS-Second-Delivery\\Work-Project\\vendor\\laravel\\framework\\src\\Illuminate\\Database\\Connectors\\Connector.php(70): PDO->__construct()
#1 C:\\Users\\nur29\\OneDrive\\Escritorio\\Laravel\\G4-05-Cowy_Carnivory\\DSS-Second-Delivery\\Work-Project\\vendor\\laravel\\framework\\src\\Illuminate\\Database\\Connectors\\Connector.php(45): Illuminate\\Database\\Connectors\\Connector->createPdoConnection()
#2 C:\\Users\\nur29\\OneDrive\\Escritorio\\Laravel\\G4-05-Cowy_Carnivory\\DSS-Second-Delivery\\Work-Project\\vendor\\laravel\\framework\\src\\Illuminate\\Database\\Connectors\\MySqlConnector.php(24): Illuminate\\Database\\Connectors\\Connector->createConnection()
#3 C:\\Users\\nur29\\OneDrive\\Escritorio\\Laravel\\G4-05-Cowy_Carnivory\\DSS-Second-Delivery\\Work-Project\\vendor\\laravel\\framework\\src\\Illuminate\\Database\\Connectors\\ConnectionFactory.php(184): Illuminate\\Database\\Connectors\\MySqlConnector->connect()
#4 [internal function]: Illuminate\\Database\\Connectors\\ConnectionFactory->Illuminate\\Database\\Connectors\\{closure}()
#5 C:\\Users\\nur29\\OneDrive\\Escritorio\\Laravel\\G4-05-Cowy_Carnivory\\DSS-Second-Delivery\\Work-Project\\vendor\\laravel\\framework\\src\\Illuminate\\Database\\Connection.php(1181): call_user_func()
#6 C:\\Users\\nur29\\OneDrive\\Escritorio\\Laravel\\G4-05-Cowy_Carnivory\\DSS-Second-Delivery\\Work-Project\\vendor\\laravel\\framework\\src\\Illuminate\\Database\\Connection.php(486): Illuminate\\Database\\Connection->getPdo()
#7 C:\\Users\\nur29\\OneDrive\\Escritorio\\Laravel\\G4-05-Cowy_Carnivory\\DSS-Second-Delivery\\Work-Project\\vendor\\laravel\\framework\\src\\Illuminate\\Database\\Connection.php(414): Illuminate\\Database\\Connection->getPdoForSelect()
#8 C:\\Users\\nur29\\OneDrive\\Escritorio\\Laravel\\G4-05-Cowy_Carnivory\\DSS-Second-Delivery\\Work-Project\\vendor\\laravel\\framework\\src\\Illuminate\\Database\\Connection.php(753): Illuminate\\Database\\Connection->Illuminate\\Database\\{closure}()
#9 C:\\Users\\nur29\\OneDrive\\Escritorio\\Laravel\\G4-05-Cowy_Carnivory\\DSS-Second-Delivery\\Work-Project\\vendor\\laravel\\framework\\src\\Illuminate\\Database\\Connection.php(720): Illuminate\\Database\\Connection->runQueryCallback()
#10 C:\\Users\\nur29\\OneDrive\\Escritorio\\Laravel\\G4-05-Cowy_Carnivory\\DSS-Second-Delivery\\Work-Project\\vendor\\laravel\\framework\\src\\Illuminate\\Database\\Connection.php(405): Illuminate\\Database\\Connection->run()
#11 C:\\Users\\nur29\\OneDrive\\Escritorio\\Laravel\\G4-05-Cowy_Carnivory\\DSS-Second-Delivery\\Work-Project\\vendor\\laravel\\framework\\src\\Illuminate\\Database\\Connection.php(392): Illuminate\\Database\\Connection->select()
#12 C:\\Users\\nur29\\OneDrive\\Escritorio\\Laravel\\G4-05-Cowy_Carnivory\\DSS-Second-Delivery\\Work-Project\\vendor\\laravel\\framework\\src\\Illuminate\\Database\\Schema\\MySqlBuilder.php(43): Illuminate\\Database\\Connection->selectFromWriteConnection()
#13 C:\\Users\\nur29\\OneDrive\\Escritorio\\Laravel\\G4-05-Cowy_Carnivory\\DSS-Second-Delivery\\Work-Project\\vendor\\laravel\\framework\\src\\Illuminate\\Database\\Migrations\\DatabaseMigrationRepository.php(169): Illuminate\\Database\\Schema\\MySqlBuilder->hasTable()
#14 C:\\Users\\nur29\\OneDrive\\Escritorio\\Laravel\\G4-05-Cowy_Carnivory\\DSS-Second-Delivery\\Work-Project\\vendor\\laravel\\framework\\src\\Illuminate\\Database\\Migrations\\Migrator.php(695): Illuminate\\Database\\Migrations\\DatabaseMigrationRepository->repositoryExists()
#15 C:\\Users\\nur29\\OneDrive\\Escritorio\\Laravel\\G4-05-Cowy_Carnivory\\DSS-Second-Delivery\\Work-Project\\vendor\\laravel\\framework\\src\\Illuminate\\Database\\Console\\Migrations\\MigrateCommand.php(138): Illuminate\\Database\\Migrations\\Migrator->repositoryExists()
#16 C:\\Users\\nur29\\OneDrive\\Escritorio\\Laravel\\G4-05-Cowy_Carnivory\\DSS-Second-Delivery\\Work-Project\\vendor\\laravel\\framework\\src\\Illuminate\\Support\\helpers.php(247): Illuminate\\Database\\Console\\Migrations\\MigrateCommand->Illuminate\\Database\\Console\\Migrations\\{closure}()
#17 C:\\Users\\nur29\\OneDrive\\Escritorio\\Laravel\\G4-05-Cowy_Carnivory\\DSS-Second-Delivery\\Work-Project\\vendor\\laravel\\framework\\src\\Illuminate\\Database\\Console\\Migrations\\MigrateCommand.php(138): retry()
#18 C:\\Users\\nur29\\OneDrive\\Escritorio\\Laravel\\G4-05-Cowy_Carnivory\\DSS-Second-Delivery\\Work-Project\\vendor\\laravel\\framework\\src\\Illuminate\\Database\\Console\\Migrations\\MigrateCommand.php(114): Illuminate\\Database\\Console\\Migrations\\MigrateCommand->repositoryExists()
#19 C:\\Users\\nur29\\OneDrive\\Escritorio\\Laravel\\G4-05-Cowy_Carnivory\\DSS-Second-Delivery\\Work-Project\\vendor\\laravel\\framework\\src\\Illuminate\\Database\\Console\\Migrations\\MigrateCommand.php(82): Illuminate\\Database\\Console\\Migrations\\MigrateCommand->prepareDatabase()
#20 C:\\Users\\nur29\\OneDrive\\Escritorio\\Laravel\\G4-05-Cowy_Carnivory\\DSS-Second-Delivery\\Work-Project\\vendor\\laravel\\framework\\src\\Illuminate\\Database\\Migrations\\Migrator.php(628): Illuminate\\Database\\Console\\Migrations\\MigrateCommand->Illuminate\\Database\\Console\\Migrations\\{closure}()
#21 C:\\Users\\nur29\\OneDrive\\Escritorio\\Laravel\\G4-05-Cowy_Carnivory\\DSS-Second-Delivery\\Work-Project\\vendor\\laravel\\framework\\src\\Illuminate\\Database\\Console\\Migrations\\MigrateCommand.php(81): Illuminate\\Database\\Migrations\\Migrator->usingConnection()
#22 C:\\Users\\nur29\\OneDrive\\Escritorio\\Laravel\\G4-05-Cowy_Carnivory\\DSS-Second-Delivery\\Work-Project\\vendor\\laravel\\framework\\src\\Illuminate\\Container\\BoundMethod.php(36): Illuminate\\Database\\Console\\Migrations\\MigrateCommand->handle()
#23 C:\\Users\\nur29\\OneDrive\\Escritorio\\Laravel\\G4-05-Cowy_Carnivory\\DSS-Second-Delivery\\Work-Project\\vendor\\laravel\\framework\\src\\Illuminate\\Container\\Util.php(41): Illuminate\\Container\\BoundMethod::Illuminate\\Container\\{closure}()
#24 C:\\Users\\nur29\\OneDrive\\Escritorio\\Laravel\\G4-05-Cowy_Carnivory\\DSS-Second-Delivery\\Work-Project\\vendor\\laravel\\framework\\src\\Illuminate\\Container\\BoundMethod.php(93): Illuminate\\Container\\Util::unwrapIfClosure()
#25 C:\\Users\\nur29\\OneDrive\\Escritorio\\Laravel\\G4-05-Cowy_Carnivory\\DSS-Second-Delivery\\Work-Project\\vendor\\laravel\\framework\\src\\Illuminate\\Container\\BoundMethod.php(35): Illuminate\\Container\\BoundMethod::callBoundMethod()
#26 C:\\Users\\nur29\\OneDrive\\Escritorio\\Laravel\\G4-05-Cowy_Carnivory\\DSS-Second-Delivery\\Work-Project\\vendor\\laravel\\framework\\src\\Illuminate\\Container\\Container.php(661): Illuminate\\Container\\BoundMethod::call()
#27 C:\\Users\\nur29\\OneDrive\\Escritorio\\Laravel\\G4-05-Cowy_Carnivory\\DSS-Second-Delivery\\Work-Project\\vendor\\laravel\\framework\\src\\Illuminate\\Console\\Command.php(183): Illuminate\\Container\\Container->call()
#28 C:\\Users\\nur29\\OneDrive\\Escritorio\\Laravel\\G4-05-Cowy_Carnivory\\DSS-Second-Delivery\\Work-Project\\vendor\\symfony\\console\\Command\\Command.php(326): Illuminate\\Console\\Command->execute()
#29 C:\\Users\\nur29\\OneDrive\\Escritorio\\Laravel\\G4-05-Cowy_Carnivory\\DSS-Second-Delivery\\Work-Project\\vendor\\laravel\\framework\\src\\Illuminate\\Console\\Command.php(152): Symfony\\Component\\Console\\Command\\Command->run()
#30 C:\\Users\\nur29\\OneDrive\\Escritorio\\Laravel\\G4-05-Cowy_Carnivory\\DSS-Second-Delivery\\Work-Project\\vendor\\symfony\\console\\Application.php(1078): Illuminate\\Console\\Command->run()
#31 C:\\Users\\nur29\\OneDrive\\Escritorio\\Laravel\\G4-05-Cowy_Carnivory\\DSS-Second-Delivery\\Work-Project\\vendor\\symfony\\console\\Application.php(324): Symfony\\Component\\Console\\Application->doRunCommand()
#32 C:\\Users\\nur29\\OneDrive\\Escritorio\\Laravel\\G4-05-Cowy_Carnivory\\DSS-Second-Delivery\\Work-Project\\vendor\\symfony\\console\\Application.php(175): Symfony\\Component\\Console\\Application->doRun()
#33 C:\\Users\\nur29\\OneDrive\\Escritorio\\Laravel\\G4-05-Cowy_Carnivory\\DSS-Second-Delivery\\Work-Project\\vendor\\laravel\\framework\\src\\Illuminate\\Console\\Application.php(102): Symfony\\Component\\Console\\Application->run()
#34 C:\\Users\\nur29\\OneDrive\\Escritorio\\Laravel\\G4-05-Cowy_Carnivory\\DSS-Second-Delivery\\Work-Project\\vendor\\laravel\\framework\\src\\Illuminate\\Foundation\\Console\\Kernel.php(155): Illuminate\\Console\\Application->run()
#35 C:\\Users\\nur29\\OneDrive\\Escritorio\\Laravel\\G4-05-Cowy_Carnivory\\DSS-Second-Delivery\\Work-Project\\artisan(35): Illuminate\\Foundation\\Console\\Kernel->handle()
#36 {main}
"} 
[2024-04-16 12:05:59] local.ERROR: No application encryption key has been specified. {"exception":"[object] (Illuminate\\Encryption\\MissingAppKeyException(code: 0): No application encryption key has been specified. at C:\\Users\\nur29\\OneDrive\\Escritorio\\Laravel\\G4-05-Cowy_Carnivory\\DSS-Second-Delivery\\Work-Project\\vendor\\laravel\\framework\\src\\Illuminate\\Encryption\\EncryptionServiceProvider.php:79)
[stacktrace]
#0 C:\\Users\\nur29\\OneDrive\\Escritorio\\Laravel\\G4-05-Cowy_Carnivory\\DSS-Second-Delivery\\Work-Project\\vendor\\laravel\\framework\\src\\Illuminate\\Support\\helpers.php(306): Illuminate\\Encryption\\EncryptionServiceProvider->Illuminate\\Encryption\\{closure}()
#1 C:\\Users\\nur29\\OneDrive\\Escritorio\\Laravel\\G4-05-Cowy_Carnivory\\DSS-Second-Delivery\\Work-Project\\vendor\\laravel\\framework\\src\\Illuminate\\Encryption\\EncryptionServiceProvider.php(77): tap()
#2 C:\\Users\\nur29\\OneDrive\\Escritorio\\Laravel\\G4-05-Cowy_Carnivory\\DSS-Second-Delivery\\Work-Project\\vendor\\laravel\\framework\\src\\Illuminate\\Encryption\\EncryptionServiceProvider.php(60): Illuminate\\Encryption\\EncryptionServiceProvider->key()
#3 C:\\Users\\nur29\\OneDrive\\Escritorio\\Laravel\\G4-05-Cowy_Carnivory\\DSS-Second-Delivery\\Work-Project\\vendor\\laravel\\framework\\src\\Illuminate\\Encryption\\EncryptionServiceProvider.php(32): Illuminate\\Encryption\\EncryptionServiceProvider->parseKey()
#4 C:\\Users\\nur29\\OneDrive\\Escritorio\\Laravel\\G4-05-Cowy_Carnivory\\DSS-Second-Delivery\\Work-Project\\vendor\\laravel\\framework\\src\\Illuminate\\Container\\Container.php(885): Illuminate\\Encryption\\EncryptionServiceProvider->Illuminate\\Encryption\\{closure}()
#5 C:\\Users\\nur29\\OneDrive\\Escritorio\\Laravel\\G4-05-Cowy_Carnivory\\DSS-Second-Delivery\\Work-Project\\vendor\\laravel\\framework\\src\\Illuminate\\Container\\Container.php(770): Illuminate\\Container\\Container->build()
#6 C:\\Users\\nur29\\OneDrive\\Escritorio\\Laravel\\G4-05-Cowy_Carnivory\\DSS-Second-Delivery\\Work-Project\\vendor\\laravel\\framework\\src\\Illuminate\\Foundation\\Application.php(856): Illuminate\\Container\\Container->resolve()
#7 C:\\Users\\nur29\\OneDrive\\Escritorio\\Laravel\\G4-05-Cowy_Carnivory\\DSS-Second-Delivery\\Work-Project\\vendor\\laravel\\framework\\src\\Illuminate\\Container\\Container.php(706): Illuminate\\Foundation\\Application->resolve()
#8 C:\\Users\\nur29\\OneDrive\\Escritorio\\Laravel\\G4-05-Cowy_Carnivory\\DSS-Second-Delivery\\Work-Project\\vendor\\laravel\\framework\\src\\Illuminate\\Foundation\\Application.php(841): Illuminate\\Container\\Container->make()
#9 C:\\Users\\nur29\\OneDrive\\Escritorio\\Laravel\\G4-05-Cowy_Carnivory\\DSS-Second-Delivery\\Work-Project\\vendor\\laravel\\framework\\src\\Illuminate\\Container\\Container.php(1043): Illuminate\\Foundation\\Application->make()
#10 C:\\Users\\nur29\\OneDrive\\Escritorio\\Laravel\\G4-05-Cowy_Carnivory\\DSS-Second-Delivery\\Work-Project\\vendor\\laravel\\framework\\src\\Illuminate\\Container\\Container.php(959): Illuminate\\Container\\Container->resolveClass()
#11 C:\\Users\\nur29\\OneDrive\\Escritorio\\Laravel\\G4-05-Cowy_Carnivory\\DSS-Second-Delivery\\Work-Project\\vendor\\laravel\\framework\\src\\Illuminate\\Container\\Container.php(920): Illuminate\\Container\\Container->resolveDependencies()
#12 C:\\Users\\nur29\\OneDrive\\Escritorio\\Laravel\\G4-05-Cowy_Carnivory\\DSS-Second-Delivery\\Work-Project\\vendor\\laravel\\framework\\src\\Illuminate\\Container\\Container.php(770): Illuminate\\Container\\Container->build()
#13 C:\\Users\\nur29\\OneDrive\\Escritorio\\Laravel\\G4-05-Cowy_Carnivory\\DSS-Second-Delivery\\Work-Project\\vendor\\laravel\\framework\\src\\Illuminate\\Foundation\\Application.php(856): Illuminate\\Container\\Container->resolve()
#14 C:\\Users\\nur29\\OneDrive\\Escritorio\\Laravel\\G4-05-Cowy_Carnivory\\DSS-Second-Delivery\\Work-Project\\vendor\\laravel\\framework\\src\\Illuminate\\Container\\Container.php(706): Illuminate\\Foundation\\Application->resolve()
#15 C:\\Users\\nur29\\OneDrive\\Escritorio\\Laravel\\G4-05-Cowy_Carnivory\\DSS-Second-Delivery\\Work-Project\\vendor\\laravel\\framework\\src\\Illuminate\\Foundation\\Application.php(841): Illuminate\\Container\\Container->make()
#16 C:\\Users\\nur29\\OneDrive\\Escritorio\\Laravel\\G4-05-Cowy_Carnivory\\DSS-Second-Delivery\\Work-Project\\vendor\\laravel\\framework\\src\\Illuminate\\Pipeline\\Pipeline.php(169): Illuminate\\Foundation\\Application->make()
#17 C:\\Users\\nur29\\OneDrive\\Escritorio\\Laravel\\G4-05-Cowy_Carnivory\\DSS-Second-Delivery\\Work-Project\\vendor\\laravel\\framework\\src\\Illuminate\\Pipeline\\Pipeline.php(116): Illuminate\\Pipeline\\Pipeline->Illuminate\\Pipeline\\{closure}()
#18 C:\\Users\\nur29\\OneDrive\\Escritorio\\Laravel\\G4-05-Cowy_Carnivory\\DSS-Second-Delivery\\Work-Project\\vendor\\laravel\\framework\\src\\Illuminate\\Routing\\Router.php(797): Illuminate\\Pipeline\\Pipeline->then()
#19 C:\\Users\\nur29\\OneDrive\\Escritorio\\Laravel\\G4-05-Cowy_Carnivory\\DSS-Second-Delivery\\Work-Project\\vendor\\laravel\\framework\\src\\Illuminate\\Routing\\Router.php(776): Illuminate\\Routing\\Router->runRouteWithinStack()
#20 C:\\Users\\nur29\\OneDrive\\Escritorio\\Laravel\\G4-05-Cowy_Carnivory\\DSS-Second-Delivery\\Work-Project\\vendor\\laravel\\framework\\src\\Illuminate\\Routing\\Router.php(740): Illuminate\\Routing\\Router->runRoute()
#21 C:\\Users\\nur29\\OneDrive\\Escritorio\\Laravel\\G4-05-Cowy_Carnivory\\DSS-Second-Delivery\\Work-Project\\vendor\\laravel\\framework\\src\\Illuminate\\Routing\\Router.php(729): Illuminate\\Routing\\Router->dispatchToRoute()
#22 C:\\Users\\nur29\\OneDrive\\Escritorio\\Laravel\\G4-05-Cowy_Carnivory\\DSS-Second-Delivery\\Work-Project\\vendor\\laravel\\framework\\src\\Illuminate\\Foundation\\Http\\Kernel.php(190): Illuminate\\Routing\\Router->dispatch()
#23 C:\\Users\\nur29\\OneDrive\\Escritorio\\Laravel\\G4-05-Cowy_Carnivory\\DSS-Second-Delivery\\Work-Project\\vendor\\laravel\\framework\\src\\Illuminate\\Pipeline\\Pipeline.php(141): Illuminate\\Foundation\\Http\\Kernel->Illuminate\\Foundation\\Http\\{closure}()
#24 C:\\Users\\nur29\\OneDrive\\Escritorio\\Laravel\\G4-05-Cowy_Carnivory\\DSS-Second-Delivery\\Work-Project\\vendor\\laravel\\framework\\src\\Illuminate\\Foundation\\Http\\Middleware\\TransformsRequest.php(21): Illuminate\\Pipeline\\Pipeline->Illuminate\\Pipeline\\{closure}()
#25 C:\\Users\\nur29\\OneDrive\\Escritorio\\Laravel\\G4-05-Cowy_Carnivory\\DSS-Second-Delivery\\Work-Project\\vendor\\laravel\\framework\\src\\Illuminate\\Foundation\\Http\\Middleware\\ConvertEmptyStringsToNull.php(31): Illuminate\\Foundation\\Http\\Middleware\\TransformsRequest->handle()
#26 C:\\Users\\nur29\\OneDrive\\Escritorio\\Laravel\\G4-05-Cowy_Carnivory\\DSS-Second-Delivery\\Work-Project\\vendor\\laravel\\framework\\src\\Illuminate\\Pipeline\\Pipeline.php(180): Illuminate\\Foundation\\Http\\Middleware\\ConvertEmptyStringsToNull->handle()
#27 C:\\Users\\nur29\\OneDrive\\Escritorio\\Laravel\\G4-05-Cowy_Carnivory\\DSS-Second-Delivery\\Work-Project\\vendor\\laravel\\framework\\src\\Illuminate\\Foundation\\Http\\Middleware\\TransformsRequest.php(21): Illuminate\\Pipeline\\Pipeline->Illuminate\\Pipeline\\{closure}()
#28 C:\\Users\\nur29\\OneDrive\\Escritorio\\Laravel\\G4-05-Cowy_Carnivory\\DSS-Second-Delivery\\Work-Project\\vendor\\laravel\\framework\\src\\Illuminate\\Foundation\\Http\\Middleware\\TrimStrings.php(40): Illuminate\\Foundation\\Http\\Middleware\\TransformsRequest->handle()
#29 C:\\Users\\nur29\\OneDrive\\Escritorio\\Laravel\\G4-05-Cowy_Carnivory\\DSS-Second-Delivery\\Work-Project\\vendor\\laravel\\framework\\src\\Illuminate\\Pipeline\\Pipeline.php(180): Illuminate\\Foundation\\Http\\Middleware\\TrimStrings->handle()
#30 C:\\Users\\nur29\\OneDrive\\Escritorio\\Laravel\\G4-05-Cowy_Carnivory\\DSS-Second-Delivery\\Work-Project\\vendor\\laravel\\framework\\src\\Illuminate\\Foundation\\Http\\Middleware\\ValidatePostSize.php(27): Illuminate\\Pipeline\\Pipeline->Illuminate\\Pipeline\\{closure}()
#31 C:\\Users\\nur29\\OneDrive\\Escritorio\\Laravel\\G4-05-Cowy_Carnivory\\DSS-Second-Delivery\\Work-Project\\vendor\\laravel\\framework\\src\\Illuminate\\Pipeline\\Pipeline.php(180): Illuminate\\Foundation\\Http\\Middleware\\ValidatePostSize->handle()
#32 C:\\Users\\nur29\\OneDrive\\Escritorio\\Laravel\\G4-05-Cowy_Carnivory\\DSS-Second-Delivery\\Work-Project\\vendor\\laravel\\framework\\src\\Illuminate\\Foundation\\Http\\Middleware\\PreventRequestsDuringMaintenance.php(86): Illuminate\\Pipeline\\Pipeline->Illuminate\\Pipeline\\{closure}()
#33 C:\\Users\\nur29\\OneDrive\\Escritorio\\Laravel\\G4-05-Cowy_Carnivory\\DSS-Second-Delivery\\Work-Project\\vendor\\laravel\\framework\\src\\Illuminate\\Pipeline\\Pipeline.php(180): Illuminate\\Foundation\\Http\\Middleware\\PreventRequestsDuringMaintenance->handle()
#34 C:\\Users\\nur29\\OneDrive\\Escritorio\\Laravel\\G4-05-Cowy_Carnivory\\DSS-Second-Delivery\\Work-Project\\vendor\\laravel\\framework\\src\\Illuminate\\Http\\Middleware\\HandleCors.php(49): Illuminate\\Pipeline\\Pipeline->Illuminate\\Pipeline\\{closure}()
#35 C:\\Users\\nur29\\OneDrive\\Escritorio\\Laravel\\G4-05-Cowy_Carnivory\\DSS-Second-Delivery\\Work-Project\\vendor\\laravel\\framework\\src\\Illuminate\\Pipeline\\Pipeline.php(180): Illuminate\\Http\\Middleware\\HandleCors->handle()
#36 C:\\Users\\nur29\\OneDrive\\Escritorio\\Laravel\\G4-05-Cowy_Carnivory\\DSS-Second-Delivery\\Work-Project\\vendor\\laravel\\framework\\src\\Illuminate\\Http\\Middleware\\TrustProxies.php(39): Illuminate\\Pipeline\\Pipeline->Illuminate\\Pipeline\\{closure}()
#37 C:\\Users\\nur29\\OneDrive\\Escritorio\\Laravel\\G4-05-Cowy_Carnivory\\DSS-Second-Delivery\\Work-Project\\vendor\\laravel\\framework\\src\\Illuminate\\Pipeline\\Pipeline.php(180): Illuminate\\Http\\Middleware\\TrustProxies->handle()
#38 C:\\Users\\nur29\\OneDrive\\Escritorio\\Laravel\\G4-05-Cowy_Carnivory\\DSS-Second-Delivery\\Work-Project\\vendor\\laravel\\framework\\src\\Illuminate\\Pipeline\\Pipeline.php(116): Illuminate\\Pipeline\\Pipeline->Illuminate\\Pipeline\\{closure}()
#39 C:\\Users\\nur29\\OneDrive\\Escritorio\\Laravel\\G4-05-Cowy_Carnivory\\DSS-Second-Delivery\\Work-Project\\vendor\\laravel\\framework\\src\\Illuminate\\Foundation\\Http\\Kernel.php(165): Illuminate\\Pipeline\\Pipeline->then()
#40 C:\\Users\\nur29\\OneDrive\\Escritorio\\Laravel\\G4-05-Cowy_Carnivory\\DSS-Second-Delivery\\Work-Project\\vendor\\laravel\\framework\\src\\Illuminate\\Foundation\\Http\\Kernel.php(134): Illuminate\\Foundation\\Http\\Kernel->sendRequestThroughRouter()
#41 C:\\Users\\nur29\\OneDrive\\Escritorio\\Laravel\\G4-05-Cowy_Carnivory\\DSS-Second-Delivery\\Work-Project\\public\\index.php(51): Illuminate\\Foundation\\Http\\Kernel->handle()
#42 C:\\Users\\nur29\\OneDrive\\Escritorio\\Laravel\\G4-05-Cowy_Carnivory\\DSS-Second-Delivery\\Work-Project\\vendor\\laravel\\framework\\src\\Illuminate\\Foundation\\resources\\server.php(16): require_once('...')
#43 {main}
"} 
[2024-04-16 12:06:00] local.ERROR: No application encryption key has been specified. {"exception":"[object] (Illuminate\\Encryption\\MissingAppKeyException(code: 0): No application encryption key has been specified. at C:\\Users\\nur29\\OneDrive\\Escritorio\\Laravel\\G4-05-Cowy_Carnivory\\DSS-Second-Delivery\\Work-Project\\vendor\\laravel\\framework\\src\\Illuminate\\Encryption\\EncryptionServiceProvider.php:79)
[stacktrace]
#0 C:\\Users\\nur29\\OneDrive\\Escritorio\\Laravel\\G4-05-Cowy_Carnivory\\DSS-Second-Delivery\\Work-Project\\vendor\\laravel\\framework\\src\\Illuminate\\Support\\helpers.php(306): Illuminate\\Encryption\\EncryptionServiceProvider->Illuminate\\Encryption\\{closure}()
#1 C:\\Users\\nur29\\OneDrive\\Escritorio\\Laravel\\G4-05-Cowy_Carnivory\\DSS-Second-Delivery\\Work-Project\\vendor\\laravel\\framework\\src\\Illuminate\\Encryption\\EncryptionServiceProvider.php(77): tap()
#2 C:\\Users\\nur29\\OneDrive\\Escritorio\\Laravel\\G4-05-Cowy_Carnivory\\DSS-Second-Delivery\\Work-Project\\vendor\\laravel\\framework\\src\\Illuminate\\Encryption\\EncryptionServiceProvider.php(60): Illuminate\\Encryption\\EncryptionServiceProvider->key()
#3 C:\\Users\\nur29\\OneDrive\\Escritorio\\Laravel\\G4-05-Cowy_Carnivory\\DSS-Second-Delivery\\Work-Project\\vendor\\laravel\\framework\\src\\Illuminate\\Encryption\\EncryptionServiceProvider.php(32): Illuminate\\Encryption\\EncryptionServiceProvider->parseKey()
#4 C:\\Users\\nur29\\OneDrive\\Escritorio\\Laravel\\G4-05-Cowy_Carnivory\\DSS-Second-Delivery\\Work-Project\\vendor\\laravel\\framework\\src\\Illuminate\\Container\\Container.php(885): Illuminate\\Encryption\\EncryptionServiceProvider->Illuminate\\Encryption\\{closure}()
#5 C:\\Users\\nur29\\OneDrive\\Escritorio\\Laravel\\G4-05-Cowy_Carnivory\\DSS-Second-Delivery\\Work-Project\\vendor\\laravel\\framework\\src\\Illuminate\\Container\\Container.php(770): Illuminate\\Container\\Container->build()
#6 C:\\Users\\nur29\\OneDrive\\Escritorio\\Laravel\\G4-05-Cowy_Carnivory\\DSS-Second-Delivery\\Work-Project\\vendor\\laravel\\framework\\src\\Illuminate\\Foundation\\Application.php(856): Illuminate\\Container\\Container->resolve()
#7 C:\\Users\\nur29\\OneDrive\\Escritorio\\Laravel\\G4-05-Cowy_Carnivory\\DSS-Second-Delivery\\Work-Project\\vendor\\laravel\\framework\\src\\Illuminate\\Container\\Container.php(706): Illuminate\\Foundation\\Application->resolve()
#8 C:\\Users\\nur29\\OneDrive\\Escritorio\\Laravel\\G4-05-Cowy_Carnivory\\DSS-Second-Delivery\\Work-Project\\vendor\\laravel\\framework\\src\\Illuminate\\Foundation\\Application.php(841): Illuminate\\Container\\Container->make()
#9 C:\\Users\\nur29\\OneDrive\\Escritorio\\Laravel\\G4-05-Cowy_Carnivory\\DSS-Second-Delivery\\Work-Project\\vendor\\laravel\\framework\\src\\Illuminate\\Container\\Container.php(1043): Illuminate\\Foundation\\Application->make()
#10 C:\\Users\\nur29\\OneDrive\\Escritorio\\Laravel\\G4-05-Cowy_Carnivory\\DSS-Second-Delivery\\Work-Project\\vendor\\laravel\\framework\\src\\Illuminate\\Container\\Container.php(959): Illuminate\\Container\\Container->resolveClass()
#11 C:\\Users\\nur29\\OneDrive\\Escritorio\\Laravel\\G4-05-Cowy_Carnivory\\DSS-Second-Delivery\\Work-Project\\vendor\\laravel\\framework\\src\\Illuminate\\Container\\Container.php(920): Illuminate\\Container\\Container->resolveDependencies()
#12 C:\\Users\\nur29\\OneDrive\\Escritorio\\Laravel\\G4-05-Cowy_Carnivory\\DSS-Second-Delivery\\Work-Project\\vendor\\laravel\\framework\\src\\Illuminate\\Container\\Container.php(770): Illuminate\\Container\\Container->build()
#13 C:\\Users\\nur29\\OneDrive\\Escritorio\\Laravel\\G4-05-Cowy_Carnivory\\DSS-Second-Delivery\\Work-Project\\vendor\\laravel\\framework\\src\\Illuminate\\Foundation\\Application.php(856): Illuminate\\Container\\Container->resolve()
#14 C:\\Users\\nur29\\OneDrive\\Escritorio\\Laravel\\G4-05-Cowy_Carnivory\\DSS-Second-Delivery\\Work-Project\\vendor\\laravel\\framework\\src\\Illuminate\\Container\\Container.php(706): Illuminate\\Foundation\\Application->resolve()
#15 C:\\Users\\nur29\\OneDrive\\Escritorio\\Laravel\\G4-05-Cowy_Carnivory\\DSS-Second-Delivery\\Work-Project\\vendor\\laravel\\framework\\src\\Illuminate\\Foundation\\Application.php(841): Illuminate\\Container\\Container->make()
#16 C:\\Users\\nur29\\OneDrive\\Escritorio\\Laravel\\G4-05-Cowy_Carnivory\\DSS-Second-Delivery\\Work-Project\\vendor\\laravel\\framework\\src\\Illuminate\\Foundation\\Http\\Kernel.php(239): Illuminate\\Foundation\\Application->make()
#17 C:\\Users\\nur29\\OneDrive\\Escritorio\\Laravel\\G4-05-Cowy_Carnivory\\DSS-Second-Delivery\\Work-Project\\vendor\\laravel\\framework\\src\\Illuminate\\Foundation\\Http\\Kernel.php(203): Illuminate\\Foundation\\Http\\Kernel->terminateMiddleware()
#18 C:\\Users\\nur29\\OneDrive\\Escritorio\\Laravel\\G4-05-Cowy_Carnivory\\DSS-Second-Delivery\\Work-Project\\public\\index.php(55): Illuminate\\Foundation\\Http\\Kernel->terminate()
#19 C:\\Users\\nur29\\OneDrive\\Escritorio\\Laravel\\G4-05-Cowy_Carnivory\\DSS-Second-Delivery\\Work-Project\\vendor\\laravel\\framework\\src\\Illuminate\\Foundation\\resources\\server.php(16): require_once('...')
#20 {main}
"} 
